
                        **Debug Mission** 
                        Resolve runtime crash caused by code-level incompatibilities in dependency chain.

                        **Input Context**
                        - Current environment: cupy==8.6.0
fastrlock==0.5
future==1.0.0
numpy==1.19.5
Pillow==8.1.2
torch==1.8.0

                        - Python version: 3.7
                        - Crash traceback: Traceback (most recent call last):
  File "run.py", line 12, in <module>
    from .correlation import correlation # the custom cost volume layer
ImportError: attempted relative import with no known parent package

During handling of the above exception, another exception occurred:

Traceback (most recent call last):
  File "run.py", line 14, in <module>
    sys.path.insert(0, './correlation'); import correlation # you should consider upgrading python
  File "./correlation/correlation.py", line 3, in <module>
    import cupy
ModuleNotFoundError: No module named 'cupy'


                        **Analysis Protocol**
                        1. Traceback Pattern Matching：
                        a. Identify error type (ImportError/AttributeError/TypeError)
                        b. Map to possible API changes in torch v1.8.0 or its dependencies
                        2. Compatibility Matrix Check：
                        a. Verify library-to-library API compatibility through version ranges
                        b. Confirm project-to-library interface compatibility
                        3. Breakpoint Isolation：
                        b. Determine if conflict originates from：
                            • Direct API changes in torch
                            • Transitive dependency API shifts

                        **Resolution Rules**
                        - PRIMARY CONSTRAINT: Maintain torch==1.8.0
                        - SECONDARY ADJUSTMENTS: 
                        • Modify dependency versions only when API contracts allow
                        • Prefer backward-compatible minor version changes

                        **Output Mandates**
                        STRICT FORMAT:
                        lib1==x.y.z  
                        lib2==a.b.c
                        ...
                        PROHIBITED:
                        • Any non-version text.
                        • Library additions/removals
                        • Version placeholders
                        MANDATORY:
                        • Preserve original library names and count
                        • Pin EXACT versions
                        • Zero explanations/comments
                        