
                        **Debug Mission** 
                        Resolve runtime crash caused by code-level incompatibilities in dependency chain.

                        **Input Context**
                        - Current environment: torch==1.3.1
python-dateutil==2.6.1
matplotlib==2.2.3
scikit-image==0.14.2
imageio==2.4.1
albumentations==0.4.6

                        - Python version: 3.5
                        - Crash traceback: Traceback (most recent call last):
  File "/home/lei/anaconda3/envs/py35-6/lib/python3.5/site-packages/torch/utils/tensorboard/__init__.py", line 2, in <module>
    from tensorboard.summary.writer.record_writer import RecordWriter  # noqa F401
ImportError: No module named 'tensorboard'

During handling of the above exception, another exception occurred:

Traceback (most recent call last):
  File "main_train.py", line 72, in <module>
    from ConSinGAN.training_generation import *
  File "/home/lei/compatibility_analysis/pytorch/1.1/ConSinGAN/ConSinGAN/training_generation.py", line 5, in <module>
    from torch.utils.tensorboard import SummaryWriter
  File "/home/lei/anaconda3/envs/py35-6/lib/python3.5/site-packages/torch/utils/tensorboard/__init__.py", line 4, in <module>
    raise ImportError('TensorBoard logging requires TensorBoard with Python summary writer installed. '
ImportError: TensorBoard logging requires TensorBoard with Python summary writer installed. This should be available in 1.14 or above.


                        **Analysis Protocol**
                        1. Traceback Pattern Matching：
                        a. Identify error type (ImportError/AttributeError/TypeError)
                        b. Map to possible API changes in torch v1.3.1 or its dependencies
                        2. Compatibility Matrix Check：
                        a. Verify library-to-library API compatibility through version ranges
                        b. Confirm project-to-library interface compatibility
                        3. Breakpoint Isolation：
                        b. Determine if conflict originates from：
                            • Direct API changes in torch
                            • Transitive dependency API shifts

                        **Resolution Rules**
                        - PRIMARY CONSTRAINT: Maintain torch==1.3.1
                        - SECONDARY ADJUSTMENTS: 
                        • Modify dependency versions only when API contracts allow
                        • Prefer backward-compatible minor version changes

                        **Output Mandates**
                        STRICT FORMAT:
                        lib1==x.y.z  
                        lib2==a.b.c
                        ...
                        PROHIBITED:
                        • Any non-version text.
                        • Library additions/removals
                        • Version placeholders
                        MANDATORY:
                        • Preserve original library names and count
                        • Pin EXACT versions
                        • Zero explanations/comments
                        