
                        **Debug Mission** 
                        Resolve runtime crash caused by code-level incompatibilities in dependency chain.

                        **Input Context**
                        - Current environment: boto3==1.20.24
botocore==1.23.24
certifi==2019.11.28
chardet==3.0.4
Click==7.1.2
cycler==0.10.0
docutils==0.15.2
filelock==3.3.0
idna==2.8
jmespath==0.10.0
joblib==1.1.1
kiwisolver==1.1.0
matplotlib==3.1.1
numpy==1.21.6
pandas==1.3.5
Pillow==6.2.0
pyparsing==2.4.2
python-dateutil==2.8.0
pytorch-transformers==1.0.0
pytz==2019.2
regex==2021.4.4
requests==2.22.0
s3transfer==0.5.0
sacremoses==0.0.35
scikit-learn==0.24.2
scipy==1.5.4
sentencepiece==0.1.83
six==1.15.0
tokenizers==0.7.0
torch==1.13.1
tqdm==4.64.0
transformers==2.11.0
urllib3==1.25.11

                        - Python version: 3.7
                        - Crash traceback: Traceback (most recent call last):
  File "/home/lei/anaconda3/envs/py37-6/lib/python3.7/site-packages/torch/cuda/__init__.py", line 242, in _lazy_init
    queued_call()
  File "/home/lei/anaconda3/envs/py37-6/lib/python3.7/site-packages/torch/cuda/__init__.py", line 125, in _check_capability
    capability = get_device_capability(d)
  File "/home/lei/anaconda3/envs/py37-6/lib/python3.7/site-packages/torch/cuda/__init__.py", line 357, in get_device_capability
    prop = get_device_properties(device)
  File "/home/lei/anaconda3/envs/py37-6/lib/python3.7/site-packages/torch/cuda/__init__.py", line 375, in get_device_properties
    return _get_device_properties(device)  # type: ignore[name-defined]
RuntimeError: device >= 0 && device < num_gpus INTERNAL ASSERT FAILED at "../aten/src/ATen/cuda/CUDAContext.cpp":50, please report a bug to PyTorch. 

The above exception was the direct cause of the following exception:

Traceback (most recent call last):
  File "run_bert.py", line 216, in <module>
    main()
  File "run_bert.py", line 209, in main
    run_train(args)
  File "run_bert.py", line 116, in run_train
    MultiLabelReport(id2label=id2label)])
  File "/home/lei/compatibility_analysis/pytorch/1.0/Bert-Multi-Label-Text-Classification/pybert/train/trainer.py", line 27, in __init__
    self.model, self.device = model_device(n_gpu = args.n_gpu, model=self.model)
  File "/home/lei/compatibility_analysis/pytorch/1.0/Bert-Multi-Label-Text-Classification/pybert/common/tools.py", line 101, in model_device
    model = model.to(device)
  File "/home/lei/anaconda3/envs/py37-6/lib/python3.7/site-packages/torch/nn/modules/module.py", line 989, in to
    return self._apply(convert)
  File "/home/lei/anaconda3/envs/py37-6/lib/python3.7/site-packages/torch/nn/modules/module.py", line 641, in _apply
    module._apply(fn)
  File "/home/lei/anaconda3/envs/py37-6/lib/python3.7/site-packages/torch/nn/modules/module.py", line 641, in _apply
    module._apply(fn)
  File "/home/lei/anaconda3/envs/py37-6/lib/python3.7/site-packages/torch/nn/modules/module.py", line 641, in _apply
    module._apply(fn)
  File "/home/lei/anaconda3/envs/py37-6/lib/python3.7/site-packages/torch/nn/modules/module.py", line 664, in _apply
    param_applied = fn(param)
  File "/home/lei/anaconda3/envs/py37-6/lib/python3.7/site-packages/torch/nn/modules/module.py", line 987, in convert
    return t.to(device, dtype if t.is_floating_point() or t.is_complex() else None, non_blocking)
  File "/home/lei/anaconda3/envs/py37-6/lib/python3.7/site-packages/torch/cuda/__init__.py", line 246, in _lazy_init
    raise DeferredCudaCallError(msg) from e
torch.cuda.DeferredCudaCallError: CUDA call failed lazily at initialization with error: device >= 0 && device < num_gpus INTERNAL ASSERT FAILED at "../aten/src/ATen/cuda/CUDAContext.cpp":50, please report a bug to PyTorch. 

CUDA call was originally invoked at:

['  File "run_bert.py", line 1, in <module>\n    import torch\n', '  File "<frozen importlib._bootstrap>", line 983, in _find_and_load\n', '  File "<frozen importlib._bootstrap>", line 967, in _find_and_load_unlocked\n', '  File "<frozen importlib._bootstrap>", line 677, in _load_unlocked\n', '  File "<frozen importlib._bootstrap_external>", line 728, in exec_module\n', '  File "<frozen importlib._bootstrap>", line 219, in _call_with_frames_removed\n', '  File "/home/lei/anaconda3/envs/py37-6/lib/python3.7/site-packages/torch/__init__.py", line 798, in <module>\n    _C._initExtension(manager_path())\n', '  File "<frozen importlib._bootstrap>", line 983, in _find_and_load\n', '  File "<frozen importlib._bootstrap>", line 967, in _find_and_load_unlocked\n', '  File "<frozen importlib._bootstrap>", line 677, in _load_unlocked\n', '  File "<frozen importlib._bootstrap_external>", line 728, in exec_module\n', '  File "<frozen importlib._bootstrap>", line 219, in _call_with_frames_removed\n', '  File "/home/lei/anaconda3/envs/py37-6/lib/python3.7/site-packages/torch/cuda/__init__.py", line 179, in <module>\n    _lazy_call(_check_capability)\n', '  File "/home/lei/anaconda3/envs/py37-6/lib/python3.7/site-packages/torch/cuda/__init__.py", line 177, in _lazy_call\n    _queued_calls.append((callable, traceback.format_stack()))\n']


                        **Analysis Protocol**
                        1. Traceback Pattern Matching：
                        a. Identify error type (ImportError/AttributeError/TypeError)
                        b. Map to possible API changes in torch v1.13.1 or its dependencies
                        2. Compatibility Matrix Check：
                        a. Verify library-to-library API compatibility through version ranges
                        b. Confirm project-to-library interface compatibility
                        3. Breakpoint Isolation：
                        b. Determine if conflict originates from：
                            • Direct API changes in torch
                            • Transitive dependency API shifts

                        **Resolution Rules**
                        - PRIMARY CONSTRAINT: Maintain torch==1.13.1
                        - SECONDARY ADJUSTMENTS: 
                        • Modify dependency versions only when API contracts allow
                        • Prefer backward-compatible minor version changes

                        **Output Mandates**
                        STRICT FORMAT:
                        lib1==x.y.z  
                        lib2==a.b.c
                        ...
                        PROHIBITED:
                        • Any non-version text.
                        • Library additions/removals
                        • Version placeholders
                        MANDATORY:
                        • Preserve original library names and count
                        • Pin EXACT versions
                        • Zero explanations/comments
                        