
                        **Debug Mission** 
                        Resolve runtime crash caused by code-level incompatibilities in dependency chain.

                        **Input Context**
                        - Current environment: charset-normalizer==3.4.0
cupy-cuda110==11.3.0
dataclasses==0.6
decorator==4.4.2
fastrlock==0.8.2
future==1.0.0
idna==3.10
imageio==2.31.2
imageio-ffmpeg==0.5.1
moviepy==1.0.3
networkx==2.6.3
numpy==1.21.6
packaging==24.0
Pillow==9.3.0
proglog==0.1.10
PyWavelets==1.3.0
requests==2.31.0
scikit-image==0.19.3
scipy==1.7.3
tifffile==2021.11.2
torch==1.8.0
tqdm==4.67.1
typing_extensions==4.7.1
urllib3==2.0.7

                        - Python version: 3.7
                        - Crash traceback: Traceback (most recent call last):
  File "/home/lei/anaconda3/envs/py37-3/lib/python3.7/site-packages/cupy/__init__.py", line 18, in <module>
    from cupy import _core  # NOQA
  File "/home/lei/anaconda3/envs/py37-3/lib/python3.7/site-packages/cupy/_core/__init__.py", line 3, in <module>
    from cupy._core import core  # NOQA
ImportError: libnvrtc.so.11.0: cannot open shared object file: No such file or directory

The above exception was the direct cause of the following exception:

Traceback (most recent call last):
  File "run.py", line 11, in <module>
    import sepconv # the custom separable convolution layer
  File "/home/lei/compatibility_analysis/pytorch/1.7/sepconv-slomo/sepconv.py", line 4, in <module>
    import cupy
  File "/home/lei/anaconda3/envs/py37-3/lib/python3.7/site-packages/cupy/__init__.py", line 27, in <module>
    ''') from exc
ImportError: 
================================================================
Failed to import CuPy.

If you installed CuPy via wheels (cupy-cudaXXX or cupy-rocm-X-X), make sure that the package matches with the version of CUDA or ROCm installed.

On Linux, you may need to set LD_LIBRARY_PATH environment variable depending on how you installed CUDA/ROCm.
On Windows, try setting CUDA_PATH environment variable.

Check the Installation Guide for details:
  https://docs.cupy.dev/en/latest/install.html

Original error:
  ImportError: libnvrtc.so.11.0: cannot open shared object file: No such file or directory
================================================================



                        **Analysis Protocol**
                        1. Traceback Pattern Matching：
                        a. Identify error type (ImportError/AttributeError/TypeError)
                        b. Map to possible API changes in torch v1.8.0 or its dependencies
                        2. Compatibility Matrix Check：
                        a. Verify library-to-library API compatibility through version ranges
                        b. Confirm project-to-library interface compatibility
                        3. Breakpoint Isolation：
                        b. Determine if conflict originates from：
                            • Direct API changes in torch
                            • Transitive dependency API shifts

                        **Resolution Rules**
                        - PRIMARY CONSTRAINT: Maintain torch==1.8.0
                        - SECONDARY ADJUSTMENTS: 
                        • Modify dependency versions only when API contracts allow
                        • Prefer backward-compatible minor version changes

                        **Output Mandates**
                        STRICT FORMAT:
                        lib1==x.y.z  
                        lib2==a.b.c
                        ...
                        PROHIBITED:
                        • Any non-version text.
                        • Library additions/removals
                        • Version placeholders
                        MANDATORY:
                        • Preserve original library names and count
                        • Pin EXACT versions
                        • Zero explanations/comments
                        